root - INFO - 04-Feb-21 15:50:39 - file 1: sample.txt
root - INFO - 04-Feb-21 15:50:39 - file 2: next_file.txt
root - ERROR - 04-Feb-21 15:50:39 - file 2: next_file.txt, <class 'TypeError'>
root - INFO - 04-Feb-21 15:52:32 - file 1: sample.txt
root - INFO - 04-Feb-21 15:52:32 - file 2: next_file.txt
root - INFO - 04-Feb-21 15:52:42 - file 1: sample.txt
root - INFO - 04-Feb-21 15:52:42 - file 2: next_file.txt
root - ERROR - 04-Feb-21 15:52:42 - file 2: next_file.txt, <class 'Exception'>
root - INFO - 04-Feb-21 15:52:49 - file 1: sample.txt
root - INFO - 04-Feb-21 15:52:49 - file 2: next_file.txt
root - ERROR - 04-Feb-21 15:52:49 - file 2: next_file.txt, <class 'Exception'>
root - INFO - 04-Feb-21 15:52:59 - file 1: sample.txt
root - INFO - 04-Feb-21 15:52:59 - file 2: next_file.txt
root - ERROR - 04-Feb-21 15:52:59 - file 2: next_file.txt, <class 'Exception'>
root - INFO - 04-Feb-21 15:53:33 - file 1: sample.txt
root - INFO - 04-Feb-21 15:53:33 - file 2: next_file.txt
root - ERROR - 04-Feb-21 15:53:33 - file 2: next_file.txt, <class 'type'>
root - INFO - 04-Feb-21 15:53:46 - file 1: sample.txt
root - INFO - 04-Feb-21 15:53:46 - file 2: next_file.txt
root - ERROR - 04-Feb-21 15:53:46 - file 2: next_file.txt, type
root - INFO - 04-Feb-21 15:53:56 - file 1: sample.txt
root - INFO - 04-Feb-21 15:53:56 - file 2: next_file.txt
root - ERROR - 04-Feb-21 15:53:56 - file 2: next_file.txt, Exception
root - INFO - 04-Feb-21 15:54:07 - file 1: sample.txt
root - INFO - 04-Feb-21 15:54:07 - file 2: next_file.txt
root - ERROR - 04-Feb-21 15:54:07 - file 2: next_file.txt, Exception raised
root - INFO - 04-Feb-21 15:54:42 - file 1: sample.txt
root - INFO - 04-Feb-21 15:54:42 - file 2: next_file.txt
root - ERROR - 04-Feb-21 15:54:42 - file 2: next_file.txt, raised exception: Exception
root - INFO - 04-Feb-21 15:55:13 - file 1: sample.txt
root - INFO - 04-Feb-21 15:55:13 - file 2: next_file.txt
root - ERROR - 04-Feb-21 15:55:13 - file 2: next_file.txt, raised exception:(Exception)
root - INFO - 04-Feb-21 16:04:14 - file 1: sample.txt
root - INFO - 04-Feb-21 16:04:14 - file 2: next_file.txt
root - ERROR - 04-Feb-21 16:04:14 - file 2: next_file.txt, raised exception:(Exception)
root - INFO - 04-Feb-21 16:04:37 - file 1: sample.txt
root - INFO - 04-Feb-21 16:05:00 - file 1: sample.txt
root - ERROR - 04-Feb-21 16:05:00 - file 1: sample.txt, raised exception:(AttributeError)
root - INFO - 04-Feb-21 16:05:51 - file 1: sample.txt
root - ERROR - 04-Feb-21 16:05:51 - file 1: sample.txt, raised exception:(AttributeError)
root - INFO - 04-Feb-21 16:08:13 - file 1: sample.txt
root - ERROR - 04-Feb-21 16:08:13 - file 1: sample.txt, raised exception:(UnsupportedOperation)
root - INFO - 04-Feb-21 16:08:20 - file 1: sample.txt
root - INFO - 04-Feb-21 16:08:20 - file 2: next_file.txt
root - INFO - 04-Feb-21 16:08:24 - file 1: sample.txt
root - ERROR - 04-Feb-21 16:08:24 - file 1: sample.txt, raised exception:(UnsupportedOperation)
root - INFO - 04-Feb-21 16:12:56 - file 1: sample.txt
root - ERROR - 04-Feb-21 16:12:56 - file 1: sample.txt, raised exception:(UnsupportedOperation)
root - INFO - 04-Feb-21 16:13:11 - file 1: sample.txt
root - INFO - 04-Feb-21 16:13:11 - file 2: next_file.txt
root - ERROR - 05-Feb-21 11:14:09 - file 2: next_file.txt, raised exception:(NameError)
